time="2022-12-13T15:06:02Z" level=info msg="config version [1.0.3]" category=CFG component=AMF
time="2022-12-13T15:06:02Z" level=info msg="AMF Log level is set to [info] level" category=Init component=AMF
time="2022-12-13T15:06:02Z" level=info msg="set log level : info" category=NAS component=LIB
time="2022-12-13T15:06:02Z" level=info msg="set report call : false" category=NAS component=LIB
time="2022-12-13T15:06:02Z" level=info msg="set log level : info" category=NGAP component=LIB
time="2022-12-13T15:06:02Z" level=info msg="set report call : false" category=NGAP component=LIB
time="2022-12-13T15:06:02Z" level=info msg="set log level : info" category=FSM component=LIB
time="2022-12-13T15:06:02Z" level=info msg="set report call : false" category=FSM component=LIB
time="2022-12-13T15:06:02Z" level=info msg="set log level : info" category=Aper component=LIB
time="2022-12-13T15:06:02Z" level=info msg="set report call : false" category=Aper component=LIB
time="2022-12-13T15:06:02Z" level=info msg=amf category=App component=AMF
time="2022-12-13T15:06:02Z" level=info msg="AMF version:  \n\tfree5GC version: v3.2.1\n\tbuild time:      2022-12-13T14:39:15Z\n\tcommit hash:     a3bd5358\n\tcommit time:     2022-05-01T14:58:26Z\n\tgo version:      go1.14.4 linux/amd64" category=App component=AMF
time="2022-12-13T15:06:02Z" level=info msg="Server started" category=Init component=AMF
time="2022-12-13T15:06:02Z" level=info msg="amfconfig Info: Version[1.0.3] Description[AMF initial local configuration]" category=Util component=AMF
time="2022-12-13T15:06:02Z" level=info msg="Listen on 127.0.0.18:38412" category=NGAP component=AMF
time="2022-12-13T15:06:58Z" level=info msg="[OAM] Handle Registered UE Context" category=Producer component=AMF
time="2022-12-13T15:06:58Z" level=info msg="| 200 |       127.0.0.1 | GET     | /namf-oam/v1/registered-ue-context | " category=GIN component=AMF
time="2022-12-13T15:07:04Z" level=info msg="[OAM] Handle Registered UE Context" category=Producer component=AMF
time="2022-12-13T15:07:04Z" level=info msg="| 200 |       127.0.0.1 | GET     | /namf-oam/v1/registered-ue-context | " category=GIN component=AMF
time="2022-12-13T15:07:08Z" level=info msg="[OAM] Handle Registered UE Context" category=Producer component=AMF
time="2022-12-13T15:07:08Z" level=info msg="| 200 |       127.0.0.1 | GET     | /namf-oam/v1/registered-ue-context | " category=GIN component=AMF
